[0m[[0m[0mdebug[0m] [0m[0m> Exec(compile, Some(395a36fa-4386-4e18-9fc6-db628786ec73), Some(CommandSource(console0)))[0m
[0m[[0m[0mdebug[0m] [0m[0mEvaluating tasks: Compile / compile[0m
[0m[[0m[0mdebug[0m] [0m[0mRunning task... Cancel: Signal, check cycles: false, forcegc: true[0m
[0m[[0m[0minfo[0m] [0m[0mcompiling 1 Scala source to /Users/katherine/Desktop/playground/target/scala-3.1.1/classes ...[0m
[0m[[0m[31merror[0m] [0m[0m[31m-- [E007] Type Mismatch Error: /Users/katherine/Desktop/playground/src/main/scala/ebook.scala:10:52 [0m[0m
[0m[[0m[31merror[0m] [0m[0m[31m10 |[0m    [33mval[0m [36mlowerWords[0m = convertToLowerCase(listOfWords)[0m
[0m[[0m[31merror[0m] [0m[0m   |                                                    [31m^[0m[0m
[0m[[0m[31merror[0m] [0m[0m   |                   Found:    Unit[0m
[0m[[0m[31merror[0m] [0m[0m   |                   Required: collection.immutable.VectorMap[String, Int][0m
[0m[[0m[31merror[0m] [0m[0m[31m-- [E006] Not Found Error: /Users/katherine/Desktop/playground/src/main/scala/ebook.scala:16:4 [0m[0m
[0m[[0m[31merror[0m] [0m[0m[31m16 |[0m    s.replaceAll([31m";"[0m, [31m""[0m)[0m
[0m[[0m[31merror[0m] [0m[0m   |    [31m^[0m[0m
[0m[[0m[31merror[0m] [0m[0m   |    Not found: s[0m
[0m[[0m[31merror[0m] [0m[0m[31m-- [E007] Type Mismatch Error: /Users/katherine/Desktop/playground/src/main/scala/ebook.scala:27:9 [0m[0m
[0m[[0m[31merror[0m] [0m[0m[31m27 |[0m    text.toSeq[0m
[0m[[0m[31merror[0m] [0m[0m   |    [31m^^^^^^^^^^[0m[0m
[0m[[0m[31merror[0m] [0m[0m   |    Found:    scala.collection.immutable.WrappedString[0m
[0m[[0m[31merror[0m] [0m[0m   |    Required: Seq[String][0m
[0m[[0m[31merror[0m] [0m[0mthree errors found[0m
[0m[[0m[31merror[0m] [0m[0mthree errors found[0m
[0m[[0m[31merror[0m] [0m[0m(Compile / [31mcompileIncremental[0m) Compilation failed[0m
[0m[[0m[31merror[0m] [0m[0mTotal time: 0 s, completed 27 Oct 2022, 20:12:57[0m
[0m[[0m[0mdebug[0m] [0m[0m> Exec(shell, None, None)[0m
