[0m[[0m[0mdebug[0m] [0m[0m> Exec(run, Some(aaab5f8e-cafb-41d2-9ada-e8a7baf95c42), Some(CommandSource(console0)))[0m
[0m[[0m[0mdebug[0m] [0m[0mEvaluating tasks: Compile / run[0m
[0m[[0m[0mdebug[0m] [0m[0mRunning task... Cancel: Signal, check cycles: false, forcegc: true[0m
[0m[[0m[0minfo[0m] [0m[0mcompiling 1 Scala source to /Users/katherine/Desktop/Projecten/FP_exercises/target/scala-3.1.1/classes ...[0m
[0m[[0m[31merror[0m] [0m[0m[31m-- [E007] Type Mismatch Error: /Users/katherine/Desktop/Projecten/FP_exercises/src/main/scala/Chapter8.scala:36:27 [0m[0m
[0m[[0m[31merror[0m] [0m[0m[31m36 |[0m            nonNegativeInt(sample)[0m
[0m[[0m[31merror[0m] [0m[0m   |                           [31m^^^^^^[0m[0m
[0m[[0m[31merror[0m] [0m[0m   |               Found:    (Gen.this.sample : ownGen.State[ownGen.RNG, A])[0m
[0m[[0m[31merror[0m] [0m[0m   |               Required: ownGen.RNG[0m
[0m[[0m[31merror[0m] [0m[0m[31m-- [E006] Not Found Error: /Users/katherine/Desktop/Projecten/FP_exercises/src/main/scala/Chapter8.scala:38:20 [0m[0m
[0m[[0m[31merror[0m] [0m[0m[31m38 |[0m    [33mval[0m [36mhello[0m = Gen(Rand)[0m
[0m[[0m[31merror[0m] [0m[0m   |                    [31m^^^^[0m[0m
[0m[[0m[31merror[0m] [0m[0m   |                    Not found: Rand[0m
[0m[[0m[31merror[0m] [0m[0mtwo errors found[0m
[0m[[0m[31merror[0m] [0m[0mtwo errors found[0m
[0m[[0m[31merror[0m] [0m[0m(Compile / [31mcompileIncremental[0m) Compilation failed[0m
[0m[[0m[31merror[0m] [0m[0mTotal time: 0 s, completed 10 May 2022, 11:27:59[0m
[0m[[0m[0mdebug[0m] [0m[0m> Exec(shell, None, None)[0m
[0m[[0m[0mdebug[0m] [0m[0mForcing garbage collection...[0m
[0m[[0m[0minfo[0m] [0m[0mshutting down sbt server[0m
