[0m[[0m[0mdebug[0m] [0m[0m> Exec(run, Some(2abd0f00-d13f-4e17-a080-472f529466f2), Some(CommandSource(console0)))[0m
[0m[[0m[0mdebug[0m] [0m[0mEvaluating tasks: Compile / run[0m
[0m[[0m[0mdebug[0m] [0m[0mRunning task... Cancel: Signal, check cycles: false, forcegc: true[0m
[0m[[0m[0minfo[0m] [0m[0mcompiling 1 Scala source to /Users/katherine/Desktop/Projecten/FP_exercises/target/scala-3.1.1/classes ...[0m
[0m[[0m[31merror[0m] [0m[0m[31m-- [E007] Type Mismatch Error: /Users/katherine/Desktop/Projecten/FP_exercises/src/main/scala/Chapter8.scala:36:25 [0m[0m
[0m[[0m[31merror[0m] [0m[0m[31m36 |[0m            SimpleRNG([31m0[0m).nextInt[0m
[0m[[0m[31merror[0m] [0m[0m   |            [31m^^^^^^^^^^^^^^^^^^^^[0m[0m
[0m[[0m[31merror[0m] [0m[0m   |            Found:    (Int, ownGen.RNG)[0m
[0m[[0m[31merror[0m] [0m[0m   |            Required: Chapter8.Chapter8².Gen[Int][0m
[0m[[0m[31merror[0m] [0m[0m   |[0m
[0m[[0m[31merror[0m] [0m[0m   |            where:    Chapter8  is a package[0m
[0m[[0m[31merror[0m] [0m[0m   |                      Chapter8² is a object in [33mpackage[0m [35mChapter8[0m[0m
[0m[[0m[31merror[0m] [0m[0m[31m-- [E007] Type Mismatch Error: /Users/katherine/Desktop/Projecten/FP_exercises/src/main/scala/Chapter8.scala:38:33 [0m[0m
[0m[[0m[31merror[0m] [0m[0m[31m38 |[0m    [33mval[0m [36mhello[0m = Gen(SimpleRNG([31m0[0m).nextInt)[0m
[0m[[0m[31merror[0m] [0m[0m   |                    [31m^^^^^^^^^^^^^^^^^^^^[0m[0m
[0m[[0m[31merror[0m] [0m[0m   |                    Found:    [1m[31m([0m[1m[31mInt[0m, ownGen.RNG[1m[31m)[0m[0m
[0m[[0m[31merror[0m] [0m[0m   |                    Required: [1m[32mownGen[0m[1m[32m.[0m[1m[32mState[0m[1m[32m[[0m[1m[32mA[0m, ownGen.RNG[1m[32m][0m[0m
[0m[[0m[31merror[0m] [0m[0m   |[0m
[0m[[0m[31merror[0m] [0m[0m   |                    where:    A is a type variable[0m
[0m[[0m[31merror[0m] [0m[0mtwo errors found[0m
[0m[[0m[31merror[0m] [0m[0mtwo errors found[0m
[0m[[0m[31merror[0m] [0m[0m(Compile / [31mcompileIncremental[0m) Compilation failed[0m
[0m[[0m[31merror[0m] [0m[0mTotal time: 0 s, completed 10 May 2022, 11:24:07[0m
[0m[[0m[0mdebug[0m] [0m[0m> Exec(shell, None, None)[0m
